// 重构日志: e1b4878d
// 重构日志: 06343cac
// 重构日志: d5e321a2
// 同步 ID: b94ea140 @ Mon Jun 29 13:03:50 UTC 2026
// 重构日志: 8f5cd47a
// 重构日志: 5ac068e0
// 同步 ID: 0f31f671 @ Sun Jul  5 15:11:06 UTC 2026
// 重构日志: 0f315ead
// 重构日志: 3424a341
// 重构日志: 09b54fe9
// 重构日志: 6c9a1f7e
// 同步 ID: 27aa10f5 @ Tue Jul 14 17:35:48 UTC 2026
// 同步 ID: cea87bfa @ Wed Jul 15 13:00:50 UTC 2026
// 同步 ID: 6ef72236 @ Thu Jul 16 07:35:06 UTC 2026
// 同步 ID: 2b78c91a @ Sun Jul 19 08:34:59 UTC 2026
// 重构日志: a1ca5c06
// 重构日志: 42fe4a6a
// 同步 ID: c38c2527 @ Tue Jul 21 04:12:40 UTC 2026
// 同步 ID: 4c3ef55e @ Tue Jul 21 12:04:07 UTC 2026
// 重构日志: 695526cd
// 同步 ID: 9175a7ba @ Wed Jul 22 12:11:54 UTC 2026
// 重构日志: a0ebff0b
